<?xml version="1.0" encoding="UTF-8"?>
<testng-results ignored="0" total="1" passed="1" failed="0" skipped="0">
  <reporter-output>
  </reporter-output>
  <suite started-at="2024-03-06T18:53:38Z" name="UIAutomation_RegressionTesting" finished-at="2024-03-06T18:53:41Z" duration-ms="3296">
    <groups>
      <group name="Regression Test Suite">
        <method signature="loginPageTest.loginApplication()[pri:0, instance:com.uiautomation.test.loginPageTest@568ff82]" name="loginApplication" class="com.uiautomation.test.loginPageTest"/>
      </group> <!-- Regression Test Suite -->
    </groups>
    <test started-at="2024-03-06T18:53:38Z" name="UIAutomation" finished-at="2024-03-06T18:53:41Z" duration-ms="3296">
      <class name="com.uiautomation.test.loginPageTest">
        <test-method is-config="true" signature="browserUp(java.lang.String)[pri:0, instance:com.uiautomation.test.loginPageTest@568ff82]" started-at="2024-03-06T18:53:38Z" name="browserUp" finished-at="2024-03-06T18:53:40Z" duration-ms="2729" status="PASS">
          <params>
            <param index="0">
              <value>
                <![CDATA[chrome]]>
              </value>
            </param>
          </params>
          <reporter-output>
          </reporter-output>
        </test-method> <!-- browserUp -->
        <test-method signature="loginApplication()[pri:0, instance:com.uiautomation.test.loginPageTest@568ff82]" started-at="2024-03-06T18:53:40Z" name="loginApplication" finished-at="2024-03-06T18:53:41Z" duration-ms="381" status="PASS">
          <reporter-output>
          </reporter-output>
        </test-method> <!-- loginApplication -->
        <test-method is-config="true" signature="browserClose()[pri:0, instance:com.uiautomation.test.loginPageTest@568ff82]" started-at="2024-03-06T18:53:41Z" name="browserClose" finished-at="2024-03-06T18:53:41Z" duration-ms="173" status="PASS">
          <reporter-output>
          </reporter-output>
        </test-method> <!-- browserClose -->
      </class> <!-- com.uiautomation.test.loginPageTest -->
    </test> <!-- UIAutomation -->
  </suite> <!-- UIAutomation_RegressionTesting -->
</testng-results>
